---------- Date: 2016-04-11 09:15:44 ~ IP : 106.51.23.227 ----------
REQUEST URI : /admin/index.php?route=module/kuler_contact_form&amp;token=6a93115aad92f830d2957d9d3ea0f25f
MOD DETAILS:
   modFile   : /home/rocket/public_html/clients/siddharth_jain/vqmod/xml/kulerthemes_cp.xml
   id        : KulerThemes
   version   : 
   vqmver    : 
   author    : kulerthemes.com

File Name    : admin/view/template/module/*.tpl(1)
VQModObject::applyMod - SEARCH NOT FOUND (ABORTING MOD): html += '      <option value="content_top"><?php echo $text_content_top; ?></option>';

----------------------------------------------------------------------


---------- Date: 2016-04-11 09:23:51 ~ IP : 106.51.23.227 ----------
REQUEST URI : /admin/index.php?route=module/kuler_contact_form&amp;token=6a93115aad92f830d2957d9d3ea0f25f
MOD DETAILS:
   modFile   : /home/rocket/public_html/clients/siddharth_jain/vqmod/xml/kulerthemes_cp.xml
   id        : KulerThemes
   version   : 
   vqmver    : 
   author    : kulerthemes.com

File Name    : admin/view/template/module/*.tpl(1)
VQModObject::applyMod - SEARCH NOT FOUND (ABORTING MOD): html += '      <option value="content_top"><?php echo $text_content_top; ?></option>';

----------------------------------------------------------------------


---------- Date: 2016-04-11 18:21:37 ~ IP : 106.51.21.145 ----------
REQUEST URI : /admin/index.php?route=module/kuler_showcase&amp;token=01bd402dd86e414f9c0bd070189500d3
MOD DETAILS:
   modFile   : /home/rocket/public_html/clients/siddharth_jain/vqmod/xml/kulerthemes_cp.xml
   id        : KulerThemes
   version   : 
   vqmver    : 
   author    : kulerthemes.com

File Name    : admin/view/template/module/*.tpl(1)
VQModObject::applyMod - SEARCH NOT FOUND (ABORTING MOD): html += '      <option value="content_top"><?php echo $text_content_top; ?></option>';

----------------------------------------------------------------------


---------- Date: 2016-04-11 18:22:10 ~ IP : 106.51.21.145 ----------
REQUEST URI : /admin/index.php?route=module/kuler_showcase&amp;token=01bd402dd86e414f9c0bd070189500d3
MOD DETAILS:
   modFile   : /home/rocket/public_html/clients/siddharth_jain/vqmod/xml/kulerthemes_cp.xml
   id        : KulerThemes
   version   : 
   vqmver    : 
   author    : kulerthemes.com

File Name    : admin/view/template/module/*.tpl(1)
VQModObject::applyMod - SEARCH NOT FOUND (ABORTING MOD): html += '      <option value="content_top"><?php echo $text_content_top; ?></option>';

----------------------------------------------------------------------


---------- Date: 2016-04-11 18:24:01 ~ IP : 106.51.21.145 ----------
REQUEST URI : /admin/index.php?route=module/kuler_testimonial&amp;token=01bd402dd86e414f9c0bd070189500d3
MOD DETAILS:
   modFile   : /home/rocket/public_html/clients/siddharth_jain/vqmod/xml/kulerthemes_cp.xml
   id        : KulerThemes
   version   : 
   vqmver    : 
   author    : kulerthemes.com

File Name    : admin/view/template/module/*.tpl(1)
VQModObject::applyMod - SEARCH NOT FOUND (ABORTING MOD): html += '      <option value="content_top"><?php echo $text_content_top; ?></option>';

----------------------------------------------------------------------


---------- Date: 2016-04-11 18:26:56 ~ IP : 106.51.21.145 ----------
REQUEST URI : /admin/index.php?route=module/kbm&amp;token=01bd402dd86e414f9c0bd070189500d3
MOD DETAILS:
   modFile   : /home/rocket/public_html/clients/siddharth_jain/vqmod/xml/kulerthemes_cp.xml
   id        : KulerThemes
   version   : 
   vqmver    : 
   author    : kulerthemes.com

File Name    : admin/view/template/module/*.tpl(1)
VQModObject::applyMod - SEARCH NOT FOUND (ABORTING MOD): html += '      <option value="content_top"><?php echo $text_content_top; ?></option>';

----------------------------------------------------------------------


