---------- Date: 2016-03-16 06:46:55 ~ IP : 106.51.20.196 ----------
REQUEST URI : /admin/index.php?route=module/kuler_contact_form&amp;token=6b5e5bb52512cfaea2cee39bfe87d7ad
MOD DETAILS:
   modFile   : /home/rocket/public_html/clients/siddharth_jain/vqmod/xml/kulerthemes_cp.xml
   id        : KulerThemes
   version   : 
   vqmver    : 
   author    : kulerthemes.com

File Name    : admin/view/template/module/*.tpl(1)
VQModObject::applyMod - SEARCH NOT FOUND (ABORTING MOD): html += '      <option value="content_top"><?php echo $text_content_top; ?></option>';

----------------------------------------------------------------------


---------- Date: 2016-03-16 07:37:17 ~ IP : 106.51.20.196 ----------
REQUEST URI : /admin/index.php?route=module/kuler_contact_form&amp;token=6b5e5bb52512cfaea2cee39bfe87d7ad
MOD DETAILS:
   modFile   : /home/rocket/public_html/clients/siddharth_jain/vqmod/xml/kulerthemes_cp.xml
   id        : KulerThemes
   version   : 
   vqmver    : 
   author    : kulerthemes.com

File Name    : admin/view/template/module/*.tpl(1)
VQModObject::applyMod - SEARCH NOT FOUND (ABORTING MOD): html += '      <option value="content_top"><?php echo $text_content_top; ?></option>';

----------------------------------------------------------------------


---------- Date: 2016-03-16 07:38:11 ~ IP : 106.51.20.196 ----------
REQUEST URI : /admin/index.php?route=module/kbm&amp;token=6b5e5bb52512cfaea2cee39bfe87d7ad
MOD DETAILS:
   modFile   : /home/rocket/public_html/clients/siddharth_jain/vqmod/xml/kulerthemes_cp.xml
   id        : KulerThemes
   version   : 
   vqmver    : 
   author    : kulerthemes.com

File Name    : admin/view/template/module/*.tpl(1)
VQModObject::applyMod - SEARCH NOT FOUND (ABORTING MOD): html += '      <option value="content_top"><?php echo $text_content_top; ?></option>';

----------------------------------------------------------------------


---------- Date: 2016-03-16 07:38:32 ~ IP : 106.51.20.196 ----------
REQUEST URI : /admin/index.php?route=module/kbm/article&amp;token=6b5e5bb52512cfaea2cee39bfe87d7ad
MOD DETAILS:
   modFile   : /home/rocket/public_html/clients/siddharth_jain/vqmod/xml/kulerthemes_cp.xml
   id        : KulerThemes
   version   : 
   vqmver    : 
   author    : kulerthemes.com

File Name    : admin/view/template/module/*.tpl(1)
VQModObject::applyMod - SEARCH NOT FOUND (ABORTING MOD): html += '      <option value="content_top"><?php echo $text_content_top; ?></option>';

----------------------------------------------------------------------


---------- Date: 2016-03-16 07:40:13 ~ IP : 106.51.20.196 ----------
REQUEST URI : /admin/index.php?route=module/kbm_mod_recent_article&amp;token=6b5e5bb52512cfaea2cee39bfe87d7ad
MOD DETAILS:
   modFile   : /home/rocket/public_html/clients/siddharth_jain/vqmod/xml/kulerthemes_cp.xml
   id        : KulerThemes
   version   : 
   vqmver    : 
   author    : kulerthemes.com

File Name    : admin/view/template/module/*.tpl(1)
VQModObject::applyMod - SEARCH NOT FOUND (ABORTING MOD): html += '      <option value="content_top"><?php echo $text_content_top; ?></option>';

----------------------------------------------------------------------


---------- Date: 2016-03-16 07:40:52 ~ IP : 106.51.20.196 ----------
REQUEST URI : /admin/index.php?route=module/kbm_mod_recent_article&amp;store_id=0&amp;token=6b5e5bb52512cfaea2cee39bfe87d7ad
MOD DETAILS:
   modFile   : /home/rocket/public_html/clients/siddharth_jain/vqmod/xml/kulerthemes_cp.xml
   id        : KulerThemes
   version   : 
   vqmver    : 
   author    : kulerthemes.com

File Name    : admin/view/template/module/*.tpl(1)
VQModObject::applyMod - SEARCH NOT FOUND (ABORTING MOD): html += '      <option value="content_top"><?php echo $text_content_top; ?></option>';

----------------------------------------------------------------------


---------- Date: 2016-03-16 07:43:00 ~ IP : 106.51.20.196 ----------
REQUEST URI : /admin/index.php?route=module/kbm_mod_recent_article&amp;store_id=0&amp;token=6b5e5bb52512cfaea2cee39bfe87d7ad
MOD DETAILS:
   modFile   : /home/rocket/public_html/clients/siddharth_jain/vqmod/xml/kulerthemes_cp.xml
   id        : KulerThemes
   version   : 
   vqmver    : 
   author    : kulerthemes.com

File Name    : admin/view/template/module/*.tpl(1)
VQModObject::applyMod - SEARCH NOT FOUND (ABORTING MOD): html += '      <option value="content_top"><?php echo $text_content_top; ?></option>';

----------------------------------------------------------------------


---------- Date: 2016-03-16 07:45:20 ~ IP : 106.51.20.196 ----------
REQUEST URI : /admin/index.php?route=module/kbm_mod_recent_article&amp;store_id=0&amp;token=6b5e5bb52512cfaea2cee39bfe87d7ad
MOD DETAILS:
   modFile   : /home/rocket/public_html/clients/siddharth_jain/vqmod/xml/kulerthemes_cp.xml
   id        : KulerThemes
   version   : 
   vqmver    : 
   author    : kulerthemes.com

File Name    : admin/view/template/module/*.tpl(1)
VQModObject::applyMod - SEARCH NOT FOUND (ABORTING MOD): html += '      <option value="content_top"><?php echo $text_content_top; ?></option>';

----------------------------------------------------------------------


---------- Date: 2016-03-16 07:47:35 ~ IP : 106.51.20.196 ----------
REQUEST URI : /admin/index.php?route=module/kbm_mod_recent_article&amp;store_id=0&amp;token=6b5e5bb52512cfaea2cee39bfe87d7ad
MOD DETAILS:
   modFile   : /home/rocket/public_html/clients/siddharth_jain/vqmod/xml/kulerthemes_cp.xml
   id        : KulerThemes
   version   : 
   vqmver    : 
   author    : kulerthemes.com

File Name    : admin/view/template/module/*.tpl(1)
VQModObject::applyMod - SEARCH NOT FOUND (ABORTING MOD): html += '      <option value="content_top"><?php echo $text_content_top; ?></option>';

----------------------------------------------------------------------


---------- Date: 2016-03-16 07:47:58 ~ IP : 106.51.20.196 ----------
REQUEST URI : /admin/index.php?route=module/kbm_mod_recent_article&amp;token=6b5e5bb52512cfaea2cee39bfe87d7ad
MOD DETAILS:
   modFile   : /home/rocket/public_html/clients/siddharth_jain/vqmod/xml/kulerthemes_cp.xml
   id        : KulerThemes
   version   : 
   vqmver    : 
   author    : kulerthemes.com

File Name    : admin/view/template/module/*.tpl(1)
VQModObject::applyMod - SEARCH NOT FOUND (ABORTING MOD): html += '      <option value="content_top"><?php echo $text_content_top; ?></option>';

----------------------------------------------------------------------


---------- Date: 2016-03-16 07:48:07 ~ IP : 106.51.20.196 ----------
REQUEST URI : /admin/index.php?route=module/kbm_mod_recent_article&amp;token=6b5e5bb52512cfaea2cee39bfe87d7ad
MOD DETAILS:
   modFile   : /home/rocket/public_html/clients/siddharth_jain/vqmod/xml/kulerthemes_cp.xml
   id        : KulerThemes
   version   : 
   vqmver    : 
   author    : kulerthemes.com

File Name    : admin/view/template/module/*.tpl(1)
VQModObject::applyMod - SEARCH NOT FOUND (ABORTING MOD): html += '      <option value="content_top"><?php echo $text_content_top; ?></option>';

----------------------------------------------------------------------


---------- Date: 2016-03-16 07:48:19 ~ IP : 106.51.20.196 ----------
REQUEST URI : /admin/index.php?route=module/kbm&amp;token=6b5e5bb52512cfaea2cee39bfe87d7ad
MOD DETAILS:
   modFile   : /home/rocket/public_html/clients/siddharth_jain/vqmod/xml/kulerthemes_cp.xml
   id        : KulerThemes
   version   : 
   vqmver    : 
   author    : kulerthemes.com

File Name    : admin/view/template/module/*.tpl(1)
VQModObject::applyMod - SEARCH NOT FOUND (ABORTING MOD): html += '      <option value="content_top"><?php echo $text_content_top; ?></option>';

----------------------------------------------------------------------


---------- Date: 2016-03-16 07:48:54 ~ IP : 106.51.20.196 ----------
REQUEST URI : /admin/index.php?route=module/kuler_contact_form&amp;token=6b5e5bb52512cfaea2cee39bfe87d7ad
MOD DETAILS:
   modFile   : /home/rocket/public_html/clients/siddharth_jain/vqmod/xml/kulerthemes_cp.xml
   id        : KulerThemes
   version   : 
   vqmver    : 
   author    : kulerthemes.com

File Name    : admin/view/template/module/*.tpl(1)
VQModObject::applyMod - SEARCH NOT FOUND (ABORTING MOD): html += '      <option value="content_top"><?php echo $text_content_top; ?></option>';

----------------------------------------------------------------------


---------- Date: 2016-03-16 08:09:07 ~ IP : 106.51.20.196 ----------
REQUEST URI : /admin/index.php?route=module/kuler_contact_form&amp;token=6b5e5bb52512cfaea2cee39bfe87d7ad
MOD DETAILS:
   modFile   : /home/rocket/public_html/clients/siddharth_jain/vqmod/xml/kulerthemes_cp.xml
   id        : KulerThemes
   version   : 
   vqmver    : 
   author    : kulerthemes.com

File Name    : admin/view/template/module/*.tpl(1)
VQModObject::applyMod - SEARCH NOT FOUND (ABORTING MOD): html += '      <option value="content_top"><?php echo $text_content_top; ?></option>';

----------------------------------------------------------------------


---------- Date: 2016-03-16 08:25:52 ~ IP : 106.51.23.148 ----------
REQUEST URI : /admin/index.php?route=module/kuler_testimonial&amp;token=6b5e5bb52512cfaea2cee39bfe87d7ad
MOD DETAILS:
   modFile   : /home/rocket/public_html/clients/siddharth_jain/vqmod/xml/kulerthemes_cp.xml
   id        : KulerThemes
   version   : 
   vqmver    : 
   author    : kulerthemes.com

File Name    : admin/view/template/module/*.tpl(1)
VQModObject::applyMod - SEARCH NOT FOUND (ABORTING MOD): html += '      <option value="content_top"><?php echo $text_content_top; ?></option>';

----------------------------------------------------------------------


---------- Date: 2016-03-16 08:26:29 ~ IP : 106.51.23.148 ----------
REQUEST URI : /admin/index.php?route=module/kuler_showcase&amp;token=6b5e5bb52512cfaea2cee39bfe87d7ad
MOD DETAILS:
   modFile   : /home/rocket/public_html/clients/siddharth_jain/vqmod/xml/kulerthemes_cp.xml
   id        : KulerThemes
   version   : 
   vqmver    : 
   author    : kulerthemes.com

File Name    : admin/view/template/module/*.tpl(1)
VQModObject::applyMod - SEARCH NOT FOUND (ABORTING MOD): html += '      <option value="content_top"><?php echo $text_content_top; ?></option>';

----------------------------------------------------------------------


