---------- Date: 2016-02-25 08:04:53 ~ IP : 202.91.81.236 ----------
REQUEST URI : /admin/index.php?route=module/kuler_showcase&amp;token=10528582ef95311fc77b77ee49ce8ff9
MOD DETAILS:
   modFile   : /home/rocket/public_html/clients/siddharth_jain/vqmod/xml/kulerthemes_cp.xml
   id        : KulerThemes
   version   : 
   vqmver    : 
   author    : kulerthemes.com

File Name    : admin/view/template/module/*.tpl(1)
VQModObject::applyMod - SEARCH NOT FOUND (ABORTING MOD): html += '      <option value="content_top"><?php echo $text_content_top; ?></option>';

----------------------------------------------------------------------


---------- Date: 2016-02-25 09:35:53 ~ IP : 106.51.21.143 ----------
REQUEST URI : /admin/index.php?route=module/kuler_showcase&amp;token=2be503e3b1dc76ce07d329eec10f3e89
MOD DETAILS:
   modFile   : /home/rocket/public_html/clients/siddharth_jain/vqmod/xml/kulerthemes_cp.xml
   id        : KulerThemes
   version   : 
   vqmver    : 
   author    : kulerthemes.com

File Name    : admin/view/template/module/*.tpl(1)
VQModObject::applyMod - SEARCH NOT FOUND (ABORTING MOD): html += '      <option value="content_top"><?php echo $text_content_top; ?></option>';

----------------------------------------------------------------------


---------- Date: 2016-02-25 09:37:51 ~ IP : 106.51.21.143 ----------
REQUEST URI : /admin/index.php?route=module/kuler_testimonial&amp;token=2be503e3b1dc76ce07d329eec10f3e89
MOD DETAILS:
   modFile   : /home/rocket/public_html/clients/siddharth_jain/vqmod/xml/kulerthemes_cp.xml
   id        : KulerThemes
   version   : 
   vqmver    : 
   author    : kulerthemes.com

File Name    : admin/view/template/module/*.tpl(1)
VQModObject::applyMod - SEARCH NOT FOUND (ABORTING MOD): html += '      <option value="content_top"><?php echo $text_content_top; ?></option>';

----------------------------------------------------------------------


---------- Date: 2016-02-25 11:21:08 ~ IP : 106.51.19.140 ----------
REQUEST URI : /admin/index.php?route=module/kuler_testimonial&amp;token=640ce3290f921523b7919f1b0f0e3f72
MOD DETAILS:
   modFile   : /home/rocket/public_html/clients/siddharth_jain/vqmod/xml/kulerthemes_cp.xml
   id        : KulerThemes
   version   : 
   vqmver    : 
   author    : kulerthemes.com

File Name    : admin/view/template/module/*.tpl(1)
VQModObject::applyMod - SEARCH NOT FOUND (ABORTING MOD): html += '      <option value="content_top"><?php echo $text_content_top; ?></option>';

----------------------------------------------------------------------


---------- Date: 2016-02-25 11:21:33 ~ IP : 106.51.19.140 ----------
REQUEST URI : /admin/index.php?route=module/kuler_testimonial&amp;token=640ce3290f921523b7919f1b0f0e3f72
MOD DETAILS:
   modFile   : /home/rocket/public_html/clients/siddharth_jain/vqmod/xml/kulerthemes_cp.xml
   id        : KulerThemes
   version   : 
   vqmver    : 
   author    : kulerthemes.com

File Name    : admin/view/template/module/*.tpl(1)
VQModObject::applyMod - SEARCH NOT FOUND (ABORTING MOD): html += '      <option value="content_top"><?php echo $text_content_top; ?></option>';

----------------------------------------------------------------------


---------- Date: 2016-02-25 11:21:48 ~ IP : 106.51.19.140 ----------
REQUEST URI : /admin/index.php?route=module/kuler_testimonial&amp;token=640ce3290f921523b7919f1b0f0e3f72
MOD DETAILS:
   modFile   : /home/rocket/public_html/clients/siddharth_jain/vqmod/xml/kulerthemes_cp.xml
   id        : KulerThemes
   version   : 
   vqmver    : 
   author    : kulerthemes.com

File Name    : admin/view/template/module/*.tpl(1)
VQModObject::applyMod - SEARCH NOT FOUND (ABORTING MOD): html += '      <option value="content_top"><?php echo $text_content_top; ?></option>';

----------------------------------------------------------------------


---------- Date: 2016-02-25 11:23:38 ~ IP : 106.51.19.140 ----------
REQUEST URI : /admin/index.php?route=module/kuler_testimonial&amp;token=c3625b102d9e00335b6e311cc590a2b7
MOD DETAILS:
   modFile   : /home/rocket/public_html/clients/siddharth_jain/vqmod/xml/kulerthemes_cp.xml
   id        : KulerThemes
   version   : 
   vqmver    : 
   author    : kulerthemes.com

File Name    : admin/view/template/module/*.tpl(1)
VQModObject::applyMod - SEARCH NOT FOUND (ABORTING MOD): html += '      <option value="content_top"><?php echo $text_content_top; ?></option>';

----------------------------------------------------------------------


---------- Date: 2016-02-25 11:24:24 ~ IP : 106.51.19.140 ----------
REQUEST URI : /admin/index.php?route=module/kuler_testimonial&amp;token=c3625b102d9e00335b6e311cc590a2b7
MOD DETAILS:
   modFile   : /home/rocket/public_html/clients/siddharth_jain/vqmod/xml/kulerthemes_cp.xml
   id        : KulerThemes
   version   : 
   vqmver    : 
   author    : kulerthemes.com

File Name    : admin/view/template/module/*.tpl(1)
VQModObject::applyMod - SEARCH NOT FOUND (ABORTING MOD): html += '      <option value="content_top"><?php echo $text_content_top; ?></option>';

----------------------------------------------------------------------


---------- Date: 2016-02-25 11:47:05 ~ IP : 106.51.19.140 ----------
REQUEST URI : /admin/index.php?route=module/kuler_testimonial&amp;token=640ce3290f921523b7919f1b0f0e3f72
MOD DETAILS:
   modFile   : /home/rocket/public_html/clients/siddharth_jain/vqmod/xml/kulerthemes_cp.xml
   id        : KulerThemes
   version   : 
   vqmver    : 
   author    : kulerthemes.com

File Name    : admin/view/template/module/*.tpl(1)
VQModObject::applyMod - SEARCH NOT FOUND (ABORTING MOD): html += '      <option value="content_top"><?php echo $text_content_top; ?></option>';

----------------------------------------------------------------------


---------- Date: 2016-02-25 12:06:16 ~ IP : 106.51.19.140 ----------
REQUEST URI : /admin/index.php?route=module/kuler_testimonial&amp;token=eedb82702e05ad205d933ec9f6d8d502
MOD DETAILS:
   modFile   : /home/rocket/public_html/clients/siddharth_jain/vqmod/xml/kulerthemes_cp.xml
   id        : KulerThemes
   version   : 
   vqmver    : 
   author    : kulerthemes.com

File Name    : admin/view/template/module/*.tpl(1)
VQModObject::applyMod - SEARCH NOT FOUND (ABORTING MOD): html += '      <option value="content_top"><?php echo $text_content_top; ?></option>';

----------------------------------------------------------------------


---------- Date: 2016-02-25 12:19:00 ~ IP : 106.51.19.140 ----------
REQUEST URI : /admin/index.php?route=module/kuler_testimonial&amp;token=eedb82702e05ad205d933ec9f6d8d502
MOD DETAILS:
   modFile   : /home/rocket/public_html/clients/siddharth_jain/vqmod/xml/kulerthemes_cp.xml
   id        : KulerThemes
   version   : 
   vqmver    : 
   author    : kulerthemes.com

File Name    : admin/view/template/module/*.tpl(1)
VQModObject::applyMod - SEARCH NOT FOUND (ABORTING MOD): html += '      <option value="content_top"><?php echo $text_content_top; ?></option>';

----------------------------------------------------------------------


