---------- Date: 2016-04-08 06:44:36 ~ IP : 202.91.81.236 ----------
REQUEST URI : /admin/index.php?route=module/kuler_contact_form&amp;token=9d4266383fcffccbfbb65bde3111537f
MOD DETAILS:
   modFile   : /home/rocket/public_html/clients/siddharth_jain/vqmod/xml/kulerthemes_cp.xml
   id        : KulerThemes
   version   : 
   vqmver    : 
   author    : kulerthemes.com

File Name    : admin/view/template/module/*.tpl(1)
VQModObject::applyMod - SEARCH NOT FOUND (ABORTING MOD): html += '      <option value="content_top"><?php echo $text_content_top; ?></option>';

----------------------------------------------------------------------


---------- Date: 2016-04-08 06:48:41 ~ IP : 202.91.81.237 ----------
REQUEST URI : /admin/index.php?route=module/kuler_showcase&amp;token=246a230649c25f26b369719eb093f73d
MOD DETAILS:
   modFile   : /home/rocket/public_html/clients/siddharth_jain/vqmod/xml/kulerthemes_cp.xml
   id        : KulerThemes
   version   : 
   vqmver    : 
   author    : kulerthemes.com

File Name    : admin/view/template/module/*.tpl(1)
VQModObject::applyMod - SEARCH NOT FOUND (ABORTING MOD): html += '      <option value="content_top"><?php echo $text_content_top; ?></option>';

----------------------------------------------------------------------


---------- Date: 2016-04-08 07:15:10 ~ IP : 202.91.81.237 ----------
REQUEST URI : /admin/index.php?route=module/kuler_showcase&amp;token=246a230649c25f26b369719eb093f73d
MOD DETAILS:
   modFile   : /home/rocket/public_html/clients/siddharth_jain/vqmod/xml/kulerthemes_cp.xml
   id        : KulerThemes
   version   : 
   vqmver    : 
   author    : kulerthemes.com

File Name    : admin/view/template/module/*.tpl(1)
VQModObject::applyMod - SEARCH NOT FOUND (ABORTING MOD): html += '      <option value="content_top"><?php echo $text_content_top; ?></option>';

----------------------------------------------------------------------


---------- Date: 2016-04-08 08:32:55 ~ IP : 202.91.81.236 ----------
REQUEST URI : /admin/index.php?route=module/kuler_contact_form&amp;token=9d4266383fcffccbfbb65bde3111537f
MOD DETAILS:
   modFile   : /home/rocket/public_html/clients/siddharth_jain/vqmod/xml/kulerthemes_cp.xml
   id        : KulerThemes
   version   : 
   vqmver    : 
   author    : kulerthemes.com

File Name    : admin/view/template/module/*.tpl(1)
VQModObject::applyMod - SEARCH NOT FOUND (ABORTING MOD): html += '      <option value="content_top"><?php echo $text_content_top; ?></option>';

----------------------------------------------------------------------


---------- Date: 2016-04-08 08:34:31 ~ IP : 202.91.81.236 ----------
REQUEST URI : /admin/index.php?route=module/kuler_contact_form&amp;token=9d4266383fcffccbfbb65bde3111537f
MOD DETAILS:
   modFile   : /home/rocket/public_html/clients/siddharth_jain/vqmod/xml/kulerthemes_cp.xml
   id        : KulerThemes
   version   : 
   vqmver    : 
   author    : kulerthemes.com

File Name    : admin/view/template/module/*.tpl(1)
VQModObject::applyMod - SEARCH NOT FOUND (ABORTING MOD): html += '      <option value="content_top"><?php echo $text_content_top; ?></option>';

----------------------------------------------------------------------


---------- Date: 2016-04-08 08:34:40 ~ IP : 202.91.81.236 ----------
REQUEST URI : /admin/index.php?route=module/kuler_contact_form&amp;token=9d4266383fcffccbfbb65bde3111537f
MOD DETAILS:
   modFile   : /home/rocket/public_html/clients/siddharth_jain/vqmod/xml/kulerthemes_cp.xml
   id        : KulerThemes
   version   : 
   vqmver    : 
   author    : kulerthemes.com

File Name    : admin/view/template/module/*.tpl(1)
VQModObject::applyMod - SEARCH NOT FOUND (ABORTING MOD): html += '      <option value="content_top"><?php echo $text_content_top; ?></option>';

----------------------------------------------------------------------


---------- Date: 2016-04-08 08:35:01 ~ IP : 202.91.81.236 ----------
REQUEST URI : /admin/index.php?route=module/kuler_contact_form&amp;token=9d4266383fcffccbfbb65bde3111537f
MOD DETAILS:
   modFile   : /home/rocket/public_html/clients/siddharth_jain/vqmod/xml/kulerthemes_cp.xml
   id        : KulerThemes
   version   : 
   vqmver    : 
   author    : kulerthemes.com

File Name    : admin/view/template/module/*.tpl(1)
VQModObject::applyMod - SEARCH NOT FOUND (ABORTING MOD): html += '      <option value="content_top"><?php echo $text_content_top; ?></option>';

----------------------------------------------------------------------


