---------- Date: 2014-10-14 02:13:30 ~ IP : 58.187.134.218 ----------
REQUEST URI : /bromic/2/admin/index.php?route=module/kuler_demo_builder&amp;token=1445857a2e9547703a9f47461f087158
MOD DETAILS:
   modFile   : /home/kladmin/public_html/demo.kulerthemes/bromic/2/vqmod/xml/kulerthemes_cp.xml
   id        : KulerThemes
   version   : 
   vqmver    : 
   author    : kulerthemes.com

File Name    : admin/view/template/module/*.tpl(1)
VQModObject::applyMod - SEARCH NOT FOUND (ABORTING MOD): html += '      <option value="content_top"><?php echo $text_content_top; ?></option>';

----------------------------------------------------------------------


---------- Date: 2014-10-14 03:46:09 ~ IP : 58.187.134.218 ----------
REQUEST URI : /bromic/2/admin/index.php?route=module/kuler_demo_builder&amp;token=1445857a2e9547703a9f47461f087158
MOD DETAILS:
   modFile   : /home/kladmin/public_html/demo.kulerthemes/bromic/2/vqmod/xml/kulerthemes_cp.xml
   id        : KulerThemes
   version   : 
   vqmver    : 
   author    : kulerthemes.com

File Name    : admin/view/template/module/*.tpl(1)
VQModObject::applyMod - SEARCH NOT FOUND (ABORTING MOD): html += '      <option value="content_top"><?php echo $text_content_top; ?></option>';

----------------------------------------------------------------------


---------- Date: 2014-10-14 11:16:07 ~ IP : 58.187.134.218 ----------
REQUEST URI : /bromic/2/admin/index.php?route=module/kuler_demo_builder&amp;token=4c470f7c52209581ac06a9d8259f461a
MOD DETAILS:
   modFile   : /home/kladmin/public_html/demo.kulerthemes/bromic/2/vqmod/xml/kulerthemes_cp.xml
   id        : KulerThemes
   version   : 
   vqmver    : 
   author    : kulerthemes.com

File Name    : admin/view/template/module/*.tpl(1)
VQModObject::applyMod - SEARCH NOT FOUND (ABORTING MOD): html += '      <option value="content_top"><?php echo $text_content_top; ?></option>';

----------------------------------------------------------------------


